Arguments: 
  /snap/node/6378/bin/node /usr/local/bin/yarn global dir

PATH: 
  /home/gerald/repos/scripts/Mac-Nix:/home/gerald/.local/bin/:/home/gerald/repos/scripts/Mac-Nix:/home/gerald/.local/bin/:/home/gerald/.local/bin:/usr/local/sbin:/usr/local/bin:/usr/sbin:/usr/bin:/sbin:/bin:/usr/games:/usr/local/games:/snap/bin:/home/gerald/web3/sprint-5/node_modules/.bin

Yarn version: 
  1.22.19

Node version: 
  16.15.1

Platform: 
  linux x64

Trace: 
  Error: package.json: EACCES: permission denied, write
      at writeSync (node:fs:888:3)
      at SyncWriteStream._write (node:internal/fs/sync_write_stream:25:3)
      at writeOrBuffer (node:internal/streams/writable:389:12)
      at _write (node:internal/streams/writable:330:10)
      at SyncWriteStream.Writable.write (node:internal/streams/writable:334:10)
      at ConsoleReporter.warn (/usr/local/lib/node_modules/yarn/lib/cli.js:92855:17)
      at warn (/usr/local/lib/node_modules/yarn/lib/cli.js:51326:23)
      at module.exports.exports.default (/usr/local/lib/node_modules/yarn/lib/cli.js:37409:7)
      at /usr/local/lib/node_modules/yarn/lib/cli.js:51337:51
      at Generator.next (<anonymous>)

npm manifest: 
  {
    "name": "hardhat-project",
    "devDependencies": {
      "@nomiclabs/hardhat-ethers": "^2.0.6",
      "@nomiclabs/hardhat-etherscan": "^3.1.0",
      "@nomiclabs/hardhat-waffle": "^2.0.3",
      "@typechain/ethers-v5": "^7.2.0",
      "@typechain/hardhat": "^2.3.1",
      "@types/chai": "^4.3.1",
      "@types/mocha": "^9.1.1",
      "@types/node": "^12.20.55",
      "@typescript-eslint/eslint-plugin": "^4.33.0",
      "@typescript-eslint/parser": "^4.33.0",
      "chai": "^4.3.6",
      "dotenv": "^16.0.1",
      "eslint": "^7.32.0",
      "eslint-config-prettier": "^8.5.0",
      "eslint-config-standard": "^16.0.3",
      "eslint-plugin-import": "^2.26.0",
      "eslint-plugin-node": "^11.1.0",
      "eslint-plugin-prettier": "^3.4.1",
      "eslint-plugin-promise": "^5.2.0",
      "ethereum-waffle": "^3.4.4",
      "ethers": "^5.6.9",
      "hardhat": "^2.9.9",
      "hardhat-gas-reporter": "^1.0.8",
      "prettier": "^2.7.1",
      "prettier-plugin-solidity": "^1.0.0-beta.13",
      "solhint": "^3.3.7",
      "solidity-coverage": "^0.7.21",
      "ts-node": "^10.8.1",
      "typechain": "^5.2.0",
      "typescript": "^4.7.4"
    },
    "dependencies": {
      "@graphprotocol/graph-cli": "^0.30.4"
    }
  }

yarn manifest: 
  No manifest

Lockfile: 
  No lockfile
